<?xml version="1.0" encoding="UTF-8"?>
<!-- Generated by org.testng.reporters.JUnitReportReporter -->
<testsuite hostname="DESKTOP-AUR0EJP" name="com.hotels.test.SearchTest" tests="1" failures="0" timestamp="20 Aug 2019 12:32:13 GMT" time="110.611" errors="0">
  <testcase name="searchTest" time="110.611" classname="com.hotels.test.SearchTest"/>
</testsuite> <!-- com.hotels.test.SearchTest -->
