<?xml version="1.0" encoding="UTF-8"?>
<!-- Generated by org.testng.reporters.JUnitReportReporter -->
<testsuite hostname="DESKTOP-AUR0EJP" name="com.hotels.test.SearchTest" tests="1" failures="0" timestamp="13 Aug 2019 07:47:47 GMT" time="118.065" errors="0">
  <testcase name="searchTest" time="118.065" classname="com.hotels.test.SearchTest"/>
</testsuite> <!-- com.hotels.test.SearchTest -->
